<?xml version="1.0" encoding="UTF-8"?>
<!-- Generated by org.testng.reporters.JUnitReportReporter -->
<testsuite skipped="0" hostname="Shekar" name="com.radico.products.CreateProductTest" tests="1" failures="0" timestamp="2021-11-11T15:04:34 IST" time="0.016" errors="0">
  <testcase name="CreateProduct" time="0.016" classname="com.radico.products.CreateProductTest"/>
  <system-out>
    <![CDATA[product created successfully]]>
  </system-out>
</testsuite> <!-- com.radico.products.CreateProductTest -->
