<?xml version="1.0" encoding="UTF-8"?>
<!-- Generated by org.testng.reporters.JUnitReportReporter -->
<testsuite skipped="0" hostname="Shekar" name="com.radico.contact.ContactRunningPage" tests="1" failures="0" timestamp="2021-11-15T15:44:21 IST" time="34.004" errors="0">
  <testcase name="ContactPage" time="34.004" classname="com.radico.contact.ContactRunningPage"/>
  <system-out>
    <![CDATA[hometitle  is Displayed, PASS]]>
  </system-out>
</testsuite> <!-- com.radico.contact.ContactRunningPage -->
